# JRE version: Java(TM) SE Runtime Environment (17.0.5+9) (build 17.0.5+9-LTS-191)
# Java VM: Java HotSpot(TM) 64-Bit Server VM (17.0.5+9-LTS-191, mixed mode, sharing, tiered, compressed oops, compressed class ptrs, g1 gc, windows-amd64)
GC Precious Log:
 CPUs: 8 total, 8 available
 Memory: 7880M
 Large Page Support: Disabled
 NUMA Support: Disabled
 Compressed Oops: Enabled (32-bit)
 Heap Region Size: 1M
 Heap Min Capacity: 256M
 Heap Initial Capacity: 256M
 Heap Max Capacity: 512M
 Pre-touch: Disabled
 Parallel Workers: 8
 Concurrent Workers: 2
 Concurrent Refinement Workers: 8
 Periodic GC: Disabled
Heap:
 garbage-first heap   total 262144K, used 171997K [0x00000000e0000000, 0x0000000100000000)
  region size 1024K, 139 young (142336K), 3 survivors (3072K)
 Metaspace       used 50228K, committed 50752K, reserved 364544K
  class space    used 7163K, committed 7424K, reserved 315392K
GC Heap History (12 events):
Event: 9.176 GC heap before
{Heap before GC invocations=0 (full 0):
 garbage-first heap   total 262144K, used 26624K [0x00000000e0000000, 0x0000000100000000)
  region size 1024K, 23 young (23552K), 0 survivors (0K)
 Metaspace       used 1997K, committed 2176K, reserved 323584K
  class space    used 209K, committed 320K, reserved 315392K
}
Event: 9.412 GC heap after
{Heap after GC invocations=1 (full 0):
 garbage-first heap   total 262144K, used 11022K [0x00000000e0000000, 0x0000000100000000)
  region size 1024K, 3 young (3072K), 3 survivors (3072K)
 Metaspace       used 1997K, committed 2176K, reserved 323584K
  class space    used 209K, committed 320K, reserved 315392K
}
Event: 20.525 GC heap before
{Heap before GC invocations=1 (full 0):
 garbage-first heap   total 262144K, used 37646K [0x00000000e0000000, 0x0000000100000000)
  region size 1024K, 29 young (29696K), 3 survivors (3072K)
 Metaspace       used 4082K, committed 4288K, reserved 323584K
  class space    used 508K, committed 640K, reserved 315392K
}
Event: 20.530 GC heap after
{Heap after GC invocations=2 (full 0):
 garbage-first heap   total 262144K, used 12471K [0x00000000e0000000, 0x0000000100000000)
  region size 1024K, 2 young (2048K), 2 survivors (2048K)
 Metaspace       used 4082K, committed 4288K, reserved 323584K
  class space    used 508K, committed 640K, reserved 315392K
}
Event: 51.498 GC heap before
{Heap before GC invocations=2 (full 0):
 garbage-first heap   total 262144K, used 134327K [0x00000000e0000000, 0x0000000100000000)
  region size 1024K, 119 young (121856K), 2 survivors (2048K)
 Metaspace       used 19660K, committed 19968K, reserved 339968K
  class space    used 2847K, committed 3008K, reserved 315392K
}
Event: 51.641 GC heap after
{Heap after GC invocations=3 (full 0):
 garbage-first heap   total 262144K, used 23552K [0x00000000e0000000, 0x0000000100000000)
  region size 1024K, 11 young (11264K), 11 survivors (11264K)
 Metaspace       used 19660K, committed 19968K, reserved 339968K
  class space    used 2847K, committed 3008K, reserved 315392K
}
Event: 53.193 GC heap before
{Heap before GC invocations=3 (full 0):
 garbage-first heap   total 262144K, used 34816K [0x00000000e0000000, 0x0000000100000000)
  region size 1024K, 23 young (23552K), 11 survivors (11264K)
 Metaspace       used 21184K, committed 21504K, reserved 339968K
  class space    used 3106K, committed 3264K, reserved 315392K
}
Event: 53.244 GC heap after
{Heap after GC invocations=4 (full 0):
 garbage-first heap   total 262144K, used 24755K [0x00000000e0000000, 0x0000000100000000)
  region size 1024K, 2 young (2048K), 2 survivors (2048K)
 Metaspace       used 21184K, committed 21504K, reserved 339968K
  class space    used 3106K, committed 3264K, reserved 315392K
}
Event: 123.678 GC heap before
{Heap before GC invocations=5 (full 0):
 garbage-first heap   total 262144K, used 151731K [0x00000000e0000000, 0x0000000100000000)
  region size 1024K, 123 young (125952K), 2 survivors (2048K)
 Metaspace       used 35746K, committed 36096K, reserved 348160K
  class space    used 4942K, committed 5120K, reserved 315392K
}
Event: 123.867 GC heap after
{Heap after GC invocations=6 (full 0):
 garbage-first heap   total 262144K, used 33089K [0x00000000e0000000, 0x0000000100000000)
  region size 1024K, 10 young (10240K), 10 survivors (10240K)
 Metaspace       used 35746K, committed 36096K, reserved 348160K
  class space    used 4942K, committed 5120K, reserved 315392K
}
Event: 152.947 GC heap before
{Heap before GC invocations=7 (full 0):
 garbage-first heap   total 262144K, used 89409K [0x00000000e0000000, 0x0000000100000000)
  region size 1024K, 64 young (65536K), 10 survivors (10240K)
 Metaspace       used 42008K, committed 42496K, reserved 356352K
  class space    used 5841K, committed 6080K, reserved 315392K
}
Event: 153.067 GC heap after
{Heap after GC invocations=8 (full 0):
 garbage-first heap   total 262144K, used 34781K [0x00000000e0000000, 0x0000000100000000)
  region size 1024K, 3 young (3072K), 3 survivors (3072K)
 Metaspace       used 42008K, committed 42496K, reserved 356352K
  class space    used 5841K, committed 6080K, reserved 315392K
}

